DEBUG:urllib3.connectionpool:Starting new HTTPS connection (1): api.spotify.com:443
DEBUG:urllib3.connectionpool:https://api.spotify.com:443 "GET /v1/me/top/tracks?limit=10&time_range=medium_term HTTP/1.1" 200 None
DEBUG:urllib3.connectionpool:Starting new HTTPS connection (1): api.spotify.com:443
DEBUG:urllib3.connectionpool:https://api.spotify.com:443 "GET /v1/artists/06HL4z0CvFAxyc27GXpf02 HTTP/1.1" 200 None
DEBUG:urllib3.connectionpool:Starting new HTTPS connection (1): api.spotify.com:443
DEBUG:urllib3.connectionpool:https://api.spotify.com:443 "GET /v1/me/player/recently-played?limit=10&time_range=medium_term HTTP/1.1" 200 None
DEBUG:urllib3.connectionpool:Starting new HTTPS connection (1): api.spotify.com:443
DEBUG:urllib3.connectionpool:https://api.spotify.com:443 "GET /v1/me/top/tracks?limit=10&time_range=long_term HTTP/1.1" 200 None
DEBUG:urllib3.connectionpool:Starting new HTTPS connection (1): api.spotify.com:443
DEBUG:urllib3.connectionpool:https://api.spotify.com:443 "GET /v1/me/top/tracks?limit=10&time_range=medium_term HTTP/1.1" 200 None
DEBUG:urllib3.connectionpool:Starting new HTTPS connection (1): api.spotify.com:443
DEBUG:urllib3.connectionpool:https://api.spotify.com:443 "GET /v1/artists/06HL4z0CvFAxyc27GXpf02 HTTP/1.1" 200 None
DEBUG:urllib3.connectionpool:Starting new HTTPS connection (1): api.spotify.com:443
DEBUG:urllib3.connectionpool:https://api.spotify.com:443 "GET /v1/me/player/recently-played?limit=10&time_range=medium_term HTTP/1.1" 200 None
DEBUG:urllib3.connectionpool:Starting new HTTPS connection (1): api.spotify.com:443
DEBUG:urllib3.connectionpool:https://api.spotify.com:443 "GET /v1/me/top/tracks?limit=10 HTTP/1.1" 200 None
DEBUG:urllib3.connectionpool:Starting new HTTPS connection (1): api.spotify.com:443
DEBUG:urllib3.connectionpool:https://api.spotify.com:443 "GET /v1/tracks/6dODwocEuGzHAavXqTbwHv HTTP/1.1" 200 None
DEBUG:urllib3.connectionpool:Starting new HTTPS connection (1): api.spotify.com:443
DEBUG:urllib3.connectionpool:https://api.spotify.com:443 "GET /v1/me HTTP/1.1" 200 None
DEBUG:urllib3.connectionpool:Starting new HTTPS connection (1): api.spotify.com:443
DEBUG:urllib3.connectionpool:https://api.spotify.com:443 "GET /v1/me/top/tracks?limit=10&time_range=long_term HTTP/1.1" 200 None
INFO:django.utils.autoreload:C:\Users\jason\OneDrive - Sunway Education Group\Desktop\Hubify\myproject\spotifyapp\views.py changed, reloading.
DEBUG:urllib3.connectionpool:Starting new HTTPS connection (1): api.spotify.com:443
DEBUG:urllib3.connectionpool:https://api.spotify.com:443 "GET /v1/me/top/tracks?limit=10&time_range=long_term HTTP/1.1" 200 None
DEBUG:urllib3.connectionpool:Starting new HTTPS connection (1): api.spotify.com:443
DEBUG:urllib3.connectionpool:https://api.spotify.com:443 "GET /v1/me/top/tracks?limit=10&time_range=medium_term HTTP/1.1" 200 None
DEBUG:urllib3.connectionpool:Starting new HTTPS connection (1): api.spotify.com:443
DEBUG:urllib3.connectionpool:https://api.spotify.com:443 "GET /v1/artists/06HL4z0CvFAxyc27GXpf02 HTTP/1.1" 200 None
DEBUG:urllib3.connectionpool:Starting new HTTPS connection (1): api.spotify.com:443
DEBUG:urllib3.connectionpool:https://api.spotify.com:443 "GET /v1/me/player/recently-played?limit=10&time_range=medium_term HTTP/1.1" 200 None
INFO:django.utils.autoreload:C:\Users\jason\OneDrive - Sunway Education Group\Desktop\Hubify\myproject\spotifyapp\views.py changed, reloading.
DEBUG:urllib3.connectionpool:Starting new HTTPS connection (1): api.spotify.com:443
DEBUG:urllib3.connectionpool:https://api.spotify.com:443 "GET /v1/me/top/tracks?limit=10 HTTP/1.1" 200 None
DEBUG:urllib3.connectionpool:Starting new HTTPS connection (1): api.spotify.com:443
DEBUG:urllib3.connectionpool:https://api.spotify.com:443 "GET /v1/tracks/6dODwocEuGzHAavXqTbwHv HTTP/1.1" 200 None
DEBUG:urllib3.connectionpool:Starting new HTTPS connection (1): api.spotify.com:443
DEBUG:urllib3.connectionpool:https://api.spotify.com:443 "GET /v1/me HTTP/1.1" 200 None
DEBUG:urllib3.connectionpool:Starting new HTTPS connection (1): api.spotify.com:443
DEBUG:urllib3.connectionpool:https://api.spotify.com:443 "GET /v1/me HTTP/1.1" 200 None
INFO:django.utils.autoreload:C:\Users\jason\OneDrive - Sunway Education Group\Desktop\Hubify\myproject\spotifyapp\views.py changed, reloading.
DEBUG:urllib3.connectionpool:Starting new HTTPS connection (1): api.spotify.com:443
DEBUG:urllib3.connectionpool:Starting new HTTPS connection (1): api.spotify.com:443
DEBUG:urllib3.connectionpool:https://api.spotify.com:443 "GET /v1/me/top/tracks?limit=10&time_range=medium_term HTTP/1.1" 200 None
DEBUG:urllib3.connectionpool:Starting new HTTPS connection (1): api.spotify.com:443
DEBUG:urllib3.connectionpool:https://api.spotify.com:443 "GET /v1/artists/06HL4z0CvFAxyc27GXpf02 HTTP/1.1" 200 None
DEBUG:urllib3.connectionpool:Starting new HTTPS connection (1): api.spotify.com:443
DEBUG:urllib3.connectionpool:https://api.spotify.com:443 "GET /v1/me/player/recently-played?limit=10&time_range=medium_term HTTP/1.1" 200 None
DEBUG:urllib3.connectionpool:Starting new HTTPS connection (1): api.spotify.com:443
DEBUG:urllib3.connectionpool:https://api.spotify.com:443 "GET /v1/me HTTP/1.1" 200 None
INFO:django.utils.autoreload:C:\Users\jason\OneDrive - Sunway Education Group\Desktop\Hubify\myproject\spotifyapp\views.py changed, reloading.
DEBUG:urllib3.connectionpool:Starting new HTTPS connection (1): api.spotify.com:443
DEBUG:urllib3.connectionpool:https://api.spotify.com:443 "GET /v1/me/top/tracks?limit=10&time_range=medium_term HTTP/1.1" 200 None
DEBUG:urllib3.connectionpool:Starting new HTTPS connection (1): api.spotify.com:443
DEBUG:urllib3.connectionpool:https://api.spotify.com:443 "GET /v1/artists/06HL4z0CvFAxyc27GXpf02 HTTP/1.1" 200 None
DEBUG:urllib3.connectionpool:Starting new HTTPS connection (1): api.spotify.com:443
DEBUG:urllib3.connectionpool:https://api.spotify.com:443 "GET /v1/me/player/recently-played?limit=10&time_range=medium_term HTTP/1.1" 200 None
DEBUG:urllib3.connectionpool:Starting new HTTPS connection (1): api.spotify.com:443
DEBUG:urllib3.connectionpool:https://api.spotify.com:443 "GET /v1/me HTTP/1.1" 200 None
DEBUG:urllib3.connectionpool:Starting new HTTPS connection (1): accounts.spotify.com:443
DEBUG:urllib3.connectionpool:https://accounts.spotify.com:443 "POST /api/token HTTP/1.1" 200 None
DEBUG:urllib3.connectionpool:Starting new HTTPS connection (1): api.spotify.com:443
DEBUG:urllib3.connectionpool:https://api.spotify.com:443 "GET /v1/me HTTP/1.1" 200 None
DEBUG:botocore.hooks:Changing event name from creating-client-class.iot-data to creating-client-class.iot-data-plane
DEBUG:botocore.hooks:Changing event name from before-call.apigateway to before-call.api-gateway
DEBUG:botocore.hooks:Changing event name from request-created.machinelearning.Predict to request-created.machine-learning.Predict
DEBUG:botocore.hooks:Changing event name from before-parameter-build.autoscaling.CreateLaunchConfiguration to before-parameter-build.auto-scaling.CreateLaunchConfiguration
DEBUG:botocore.hooks:Changing event name from before-parameter-build.route53 to before-parameter-build.route-53
DEBUG:botocore.hooks:Changing event name from request-created.cloudsearchdomain.Search to request-created.cloudsearch-domain.Search
DEBUG:botocore.hooks:Changing event name from docs.*.autoscaling.CreateLaunchConfiguration.complete-section to docs.*.auto-scaling.CreateLaunchConfiguration.complete-section
DEBUG:botocore.hooks:Changing event name from before-parameter-build.logs.CreateExportTask to before-parameter-build.cloudwatch-logs.CreateExportTask
DEBUG:botocore.hooks:Changing event name from docs.*.logs.CreateExportTask.complete-section to docs.*.cloudwatch-logs.CreateExportTask.complete-section
DEBUG:botocore.hooks:Changing event name from before-parameter-build.cloudsearchdomain.Search to before-parameter-build.cloudsearch-domain.Search
DEBUG:botocore.hooks:Changing event name from docs.*.cloudsearchdomain.Search.complete-section to docs.*.cloudsearch-domain.Search.complete-section
DEBUG:botocore.loaders:Loading JSON file: C:\Users\jason\AppData\Local\Packages\PythonSoftwareFoundation.Python.3.12_qbz5n2kfra8p0\LocalCache\local-packages\Python312\site-packages\boto3\data\dynamodb\2012-08-10\resources-1.json
DEBUG:botocore.loaders:Loading JSON file: C:\Users\jason\AppData\Local\Packages\PythonSoftwareFoundation.Python.3.12_qbz5n2kfra8p0\LocalCache\local-packages\Python312\site-packages\botocore\data\endpoints.json
DEBUG:botocore.loaders:Loading JSON file: C:\Users\jason\AppData\Local\Packages\PythonSoftwareFoundation.Python.3.12_qbz5n2kfra8p0\LocalCache\local-packages\Python312\site-packages\botocore\data\sdk-default-configuration.json
DEBUG:botocore.hooks:Event choose-service-name: calling handler <function handle_service_name_alias at 0x000002ADA770B380>
DEBUG:botocore.loaders:Loading JSON file: C:\Users\jason\AppData\Local\Packages\PythonSoftwareFoundation.Python.3.12_qbz5n2kfra8p0\LocalCache\local-packages\Python312\site-packages\botocore\data\dynamodb\2012-08-10\service-2.json.gz
DEBUG:botocore.loaders:Loading JSON file: C:\Users\jason\AppData\Local\Packages\PythonSoftwareFoundation.Python.3.12_qbz5n2kfra8p0\LocalCache\local-packages\Python312\site-packages\botocore\data\dynamodb\2012-08-10\endpoint-rule-set-1.json.gz
DEBUG:botocore.loaders:Loading JSON file: C:\Users\jason\AppData\Local\Packages\PythonSoftwareFoundation.Python.3.12_qbz5n2kfra8p0\LocalCache\local-packages\Python312\site-packages\botocore\data\partitions.json
DEBUG:botocore.hooks:Event creating-client-class.dynamodb: calling handler <function add_generate_presigned_url at 0x000002ADA7623A60>
DEBUG:botocore.configprovider:Looking for endpoint for dynamodb via: environment_service
DEBUG:botocore.configprovider:Looking for endpoint for dynamodb via: environment_global
DEBUG:botocore.configprovider:Looking for endpoint for dynamodb via: config_service
DEBUG:botocore.configprovider:Looking for endpoint for dynamodb via: config_global
DEBUG:botocore.configprovider:No configured endpoint found.
DEBUG:botocore.endpoint:Setting dynamodb timeout as (60, 60)
DEBUG:botocore.loaders:Loading JSON file: C:\Users\jason\AppData\Local\Packages\PythonSoftwareFoundation.Python.3.12_qbz5n2kfra8p0\LocalCache\local-packages\Python312\site-packages\botocore\data\_retry.json
DEBUG:botocore.client:Registering retry handlers for service: dynamodb
DEBUG:boto3.resources.factory:Loading dynamodb:dynamodb
DEBUG:botocore.hooks:Event creating-resource-class.dynamodb.ServiceResource: calling handler <function lazy_call.<locals>._handler at 0x000002ADA7E80860>
DEBUG:boto3.resources.factory:Loading dynamodb:Table
DEBUG:botocore.hooks:Event creating-resource-class.dynamodb.Table: calling handler <function lazy_call.<locals>._handler at 0x000002ADA7E80900>
DEBUG:botocore.hooks:Event creating-resource-class.dynamodb.Table: calling handler <function lazy_call.<locals>._handler at 0x000002ADA7E80860>
DEBUG:boto3.resources.action:Calling dynamodb:scan with {'TableName': 'hubify-users', 'FilterExpression': <boto3.dynamodb.conditions.Equals object at 0x000002ADA8906450>}
DEBUG:botocore.hooks:Event provide-client-params.dynamodb.Scan: calling handler <function copy_dynamodb_params at 0x000002ADA88BA020>
DEBUG:botocore.hooks:Event before-parameter-build.dynamodb.Scan: calling handler <bound method TransformationInjector.inject_condition_expressions of <boto3.dynamodb.transform.TransformationInjector object at 0x000002ADA89060F0>>
DEBUG:botocore.hooks:Event before-parameter-build.dynamodb.Scan: calling handler <bound method TransformationInjector.inject_attribute_value_input of <boto3.dynamodb.transform.TransformationInjector object at 0x000002ADA89060F0>>
DEBUG:botocore.hooks:Event before-parameter-build.dynamodb.Scan: calling handler <function generate_idempotent_uuid at 0x000002ADA7A18E00>
DEBUG:botocore.hooks:Event before-parameter-build.dynamodb.Scan: calling handler <function block_endpoint_discovery_required_operations at 0x000002ADA769DE40>
DEBUG:botocore.regions:Calling endpoint provider with parameters: {'Region': 'ap-southeast-1', 'UseDualStack': False, 'UseFIPS': False}
DEBUG:botocore.regions:Endpoint provider result: https://dynamodb.ap-southeast-1.amazonaws.com
DEBUG:botocore.hooks:Event before-call.dynamodb.Scan: calling handler <function add_recursion_detection_header at 0x000002ADA7A180E0>
DEBUG:botocore.hooks:Event before-call.dynamodb.Scan: calling handler <function inject_api_version_header_if_needed at 0x000002ADA7A1A8E0>
DEBUG:botocore.endpoint:Making request for OperationModel(name=Scan) with params: {'url_path': '/', 'query_string': '', 'method': 'POST', 'headers': {'X-Amz-Target': 'DynamoDB_20120810.Scan', 'Content-Type': 'application/x-amz-json-1.0', 'User-Agent': 'Boto3/1.34.91 md/Botocore#1.34.91 ua/2.0 os/windows#11 md/arch#amd64 lang/python#3.12.4 md/pyimpl#CPython cfg/retry-mode#legacy Botocore/1.34.91 Resource'}, 'body': b'{"TableName": "hubify-users", "FilterExpression": "#n0 = :v0", "ExpressionAttributeNames": {"#n0": "email"}, "ExpressionAttributeValues": {":v0": {"S": "jason.lowjx@gmail.com"}}}', 'url': 'https://dynamodb.ap-southeast-1.amazonaws.com/', 'context': {'client_region': 'ap-southeast-1', 'client_config': <botocore.config.Config object at 0x000002ADA889B290>, 'has_streaming_input': False, 'auth_type': None}}
DEBUG:botocore.hooks:Event request-created.dynamodb.Scan: calling handler <bound method RequestSigner.handler of <botocore.signers.RequestSigner object at 0x000002ADA889B260>>
DEBUG:botocore.hooks:Event choose-signer.dynamodb.Scan: calling handler <function set_operation_specific_signer at 0x000002ADA7A18CC0>
DEBUG:botocore.auth:Calculating signature using v4 auth.
DEBUG:botocore.auth:CanonicalRequest:
POST
/

content-type:application/x-amz-json-1.0
host:dynamodb.ap-southeast-1.amazonaws.com
x-amz-date:20240622T150730Z
x-amz-target:DynamoDB_20120810.Scan

content-type;host;x-amz-date;x-amz-target
e856d77478d058535061b9b6ff008bd2f01479b2851dd4e52e11362c5ac4923f
DEBUG:botocore.auth:StringToSign:
AWS4-HMAC-SHA256
20240622T150730Z
20240622/ap-southeast-1/dynamodb/aws4_request
fa962082bff991dff05adf45593594fc6c626c2d2a41f032345f8e369cd2f367
DEBUG:botocore.auth:Signature:
4ecce0814568909e47ea7f79acfa49edc369819ae6c10d856ef581b81ce7186b
DEBUG:botocore.hooks:Event request-created.dynamodb.Scan: calling handler <function add_retry_headers at 0x000002ADA7A1B060>
DEBUG:botocore.endpoint:Sending http request: <AWSPreparedRequest stream_output=False, method=POST, url=https://dynamodb.ap-southeast-1.amazonaws.com/, headers={'X-Amz-Target': b'DynamoDB_20120810.Scan', 'Content-Type': b'application/x-amz-json-1.0', 'User-Agent': b'Boto3/1.34.91 md/Botocore#1.34.91 ua/2.0 os/windows#11 md/arch#amd64 lang/python#3.12.4 md/pyimpl#CPython cfg/retry-mode#legacy Botocore/1.34.91 Resource', 'X-Amz-Date': b'20240622T150730Z', 'Authorization': b'AWS4-HMAC-SHA256 Credential=AKIA47CR23SECWAO25PL/20240622/ap-southeast-1/dynamodb/aws4_request, SignedHeaders=content-type;host;x-amz-date;x-amz-target, Signature=4ecce0814568909e47ea7f79acfa49edc369819ae6c10d856ef581b81ce7186b', 'amz-sdk-invocation-id': b'df3f5feb-ded3-474d-92ff-daa38f494978', 'amz-sdk-request': b'attempt=1', 'Content-Length': '178'}>
DEBUG:botocore.httpsession:Certificate path: C:\Users\jason\AppData\Local\Packages\PythonSoftwareFoundation.Python.3.12_qbz5n2kfra8p0\LocalCache\local-packages\Python312\site-packages\certifi\cacert.pem
DEBUG:urllib3.connectionpool:Starting new HTTPS connection (1): dynamodb.ap-southeast-1.amazonaws.com:443
DEBUG:urllib3.connectionpool:https://dynamodb.ap-southeast-1.amazonaws.com:443 "POST / HTTP/1.1" 200 93
DEBUG:botocore.parsers:Response headers: {'Server': 'Server', 'Date': 'Sat, 22 Jun 2024 15:07:31 GMT', 'Content-Type': 'application/x-amz-json-1.0', 'Content-Length': '93', 'Connection': 'keep-alive', 'x-amzn-RequestId': 'EI9FAQA8P4G4SCQ7RVAHUB297VVV4KQNSO5AEMVJF66Q9ASUAAJG', 'x-amz-crc32': '2684161130'}
DEBUG:botocore.parsers:Response body:
b'{"Count":1,"Items":[{"email":{"S":"jason.lowjx@gmail.com"},"id":{"S":"1"}}],"ScannedCount":2}'
DEBUG:botocore.hooks:Event needs-retry.dynamodb.Scan: calling handler <botocore.retryhandler.RetryHandler object at 0x000002ADA8904200>
DEBUG:botocore.retryhandler:No retry needed.
DEBUG:botocore.hooks:Event after-call.dynamodb.Scan: calling handler <bound method TransformationInjector.inject_attribute_value_output of <boto3.dynamodb.transform.TransformationInjector object at 0x000002ADA89060F0>>
DEBUG:boto3.resources.action:Response: {'Items': [{'email': 'jason.lowjx@gmail.com', 'id': '1'}], 'Count': 1, 'ScannedCount': 2, 'ResponseMetadata': {'RequestId': 'EI9FAQA8P4G4SCQ7RVAHUB297VVV4KQNSO5AEMVJF66Q9ASUAAJG', 'HTTPStatusCode': 200, 'HTTPHeaders': {'server': 'Server', 'date': 'Sat, 22 Jun 2024 15:07:31 GMT', 'content-type': 'application/x-amz-json-1.0', 'content-length': '93', 'connection': 'keep-alive', 'x-amzn-requestid': 'EI9FAQA8P4G4SCQ7RVAHUB297VVV4KQNSO5AEMVJF66Q9ASUAAJG', 'x-amz-crc32': '2684161130'}, 'RetryAttempts': 0}}
DEBUG:urllib3.connectionpool:Starting new HTTPS connection (1): api.spotify.com:443
DEBUG:urllib3.connectionpool:https://api.spotify.com:443 "GET /v1/me/top/tracks?limit=10&time_range=medium_term HTTP/1.1" 200 None
DEBUG:urllib3.connectionpool:Starting new HTTPS connection (1): api.spotify.com:443
DEBUG:urllib3.connectionpool:https://api.spotify.com:443 "GET /v1/artists/06HL4z0CvFAxyc27GXpf02 HTTP/1.1" 200 None
DEBUG:urllib3.connectionpool:Starting new HTTPS connection (1): api.spotify.com:443
DEBUG:urllib3.connectionpool:https://api.spotify.com:443 "GET /v1/me/player/recently-played?limit=10&time_range=medium_term HTTP/1.1" 200 None
